-------------------------------------------------------------------------------
Test set: com.cucumber.CucumberRunTest
-------------------------------------------------------------------------------
Tests run: 4, Failures: 0, Errors: 2, Skipped: 1, Time elapsed: 2.078 sec <<< FAILURE!
When : Credential Matches(Scenario: Test)  Time elapsed: 0.016 sec  <<< ERROR!
java.lang.ArithmeticException: / by zero
	at com.cucumber.StepDefinitions.Login.credential_Matches(Login.java:21)
	at ?.When : Credential Matches(C:/Users/IEUser/IdeaProjects/cucumber/src/test/Resources/features/login.feature:6)

Scenario: Test  Time elapsed: 0.016 sec  <<< ERROR!
java.lang.ArithmeticException: / by zero
	at com.cucumber.StepDefinitions.Login.credential_Matches(Login.java:21)
	at ?.When : Credential Matches(C:/Users/IEUser/IdeaProjects/cucumber/src/test/Resources/features/login.feature:6)

