<?xml version="1.0" encoding="UTF-8" ?>
<testsuite tests="4" failures="0" name="com.cucumber.CucumberRunTest" time="0.111" errors="2" skipped="1">
  <properties>
[...]
</properties>
  <testcase classname="Scenario: Test" name="Given : User Name and Password" time="0.032"/>
  <testcase classname="Scenario: Test" name="When : Credential Matches" time="0.016">
    <error message="/ by zero" type="java.lang.ArithmeticException">java.lang.ArithmeticException: / by zero
	at com.cucumber.StepDefinitions.Login.credential_Matches(Login.java:21)
	at ✽.When : Credential Matches(C:/Users/IEUser/IdeaProjects/cucumber/src/test/Resources/features/login.feature:6)
</error>
    <system-out>Whwn
</system-out>
  </testcase>
  <testcase classname="Scenario: Test" name="Scenario: Test" time="0.016">
    <error message="/ by zero" type="java.lang.ArithmeticException">java.lang.ArithmeticException: / by zero
	at com.cucumber.StepDefinitions.Login.credential_Matches(Login.java:21)
	at ✽.When : Credential Matches(C:/Users/IEUser/IdeaProjects/cucumber/src/test/Resources/features/login.feature:6)
</error>
  </testcase>
  <testcase classname="Scenario: Test" name="Then : Log in" time="0.047">
    <skipped/>
  </testcase>
</testsuite>